<?xml version="1.0" encoding="UTF-8"?>
<!-- Generated by org.testng.reporters.JUnitReportReporter -->
<testsuite hostname="LAPTOP-42KERIGD" failures="0" tests="2" name="tests.TestsExamples" time="1.038" errors="0" timestamp="2021-08-23T21:36:52 ART" skipped="0">
  <testcase classname="tests.TestsExamples" name="testTwo" time="0.530"/>
  <system-out/>
  <testcase classname="tests.TestsExamples" name="testOne" time="0.508"/>
  <system-out/>
</testsuite> <!-- tests.TestsExamples -->
