<?xml version="1.0" encoding="UTF-8"?>
<!-- Generated by org.testng.reporters.JUnitReportReporter -->
<testsuite hostname="LAPTOP-42KERIGD" failures="0" tests="4" name="tests.PutPatchAndDelete" time="3.590" errors="0" timestamp="2021-08-23T21:36:52 ART" skipped="0">
  <testcase classname="tests.PutPatchAndDelete" name="testPutProject" time="1.246"/>
  <system-out/>
  <testcase classname="tests.PutPatchAndDelete" name="testDelete" time="0.791"/>
  <system-out/>
  <testcase classname="tests.PutPatchAndDelete" name="testPut" time="0.776"/>
  <system-out/>
  <testcase classname="tests.PutPatchAndDelete" name="testPatch" time="0.777"/>
  <system-out/>
</testsuite> <!-- tests.PutPatchAndDelete -->
