<?xml version="1.0" encoding="UTF-8"?>
<!-- Generated by org.testng.reporters.JUnitReportReporter -->
<testsuite hostname="LAPTOP-42KERIGD" failures="0" tests="2" name="tests.SaopXMLRequest" time="1.036" errors="0" timestamp="2021-08-23T21:36:52 ART" skipped="0">
  <testcase classname="tests.SaopXMLRequest" name="validateSoapXML" time="0.406"/>
  <system-out/>
  <testcase classname="tests.SaopXMLRequest" name="SoapCountryL" time="0.630"/>
  <system-out/>
</testsuite> <!-- tests.SaopXMLRequest -->
