<?xml version="1.0" encoding="UTF-8"?>
<!-- Generated by org.testng.reporters.JUnitReportReporter -->
<testsuite hostname="LAPTOP-42KERIGD" failures="0" tests="3" name="tests.GetAndPostExamples" time="4.963" errors="0" timestamp="2021-08-23T21:42:06 ART" skipped="0">
  <testcase classname="tests.GetAndPostExamples" name="testPost" time="0.834"/>
  <system-out/>
  <testcase classname="tests.GetAndPostExamples" name="testmessages" time="1.104"/>
  <system-out/>
  <testcase classname="tests.GetAndPostExamples" name="testGet" time="3.025"/>
  <system-out/>
</testsuite> <!-- tests.GetAndPostExamples -->
