<?xml version="1.0" encoding="UTF-8"?>
<!-- Generated by org.testng.reporters.JUnitReportReporter -->
<testsuite hostname="LAPTOP-42KERIGD" failures="0" tests="1" name="tests.XMLSchemaValidation" time="1.415" errors="0" timestamp="2021-08-23T21:36:52 ART" skipped="0">
  <testcase classname="tests.XMLSchemaValidation" name="schemaValidation" time="1.415"/>
  <system-out/>
</testsuite> <!-- tests.XMLSchemaValidation -->
